<?xml version="1.0" encoding="UTF-8"?>
<coverage generated="1527690915396" clover="3.2.0">
  <project timestamp="1527690915396" name="All files">
    <metrics statements="3" coveredstatements="3" conditionals="2" coveredconditionals="2" methods="1" coveredmethods="1" elements="6" coveredelements="6" complexity="0" loc="3" ncloc="3" packages="1" files="1" classes="1">
      <file name="RenderIf.jsx" path="C:\UBS\Dev\projects\react-rollup\src\components\RenderIf.jsx">
        <metrics statements="3" coveredstatements="3" conditionals="2" coveredconditionals="2" methods="1" coveredmethods="1"/>
        <line num="5" count="4" type="cond" truecount="2" falsecount="0"/>
        <line num="6" count="2" type="stmt"/>
        <line num="8" count="2" type="stmt"/>
      </file>
    </metrics>
  </project>
</coverage>
