{"C:\\UBS\\Dev\\projects\\react-rollup\\src\\components\\RenderIf.jsx": {"path":"C:\\UBS\\Dev\\projects\\react-rollup\\src\\components\\RenderIf.jsx","statementMap":{"0":{"start":{"line":5,"column":8},"end":{"line":9,"column":9}},"1":{"start":{"line":6,"column":12},"end":{"line":6,"column":39}},"2":{"start":{"line":8,"column":12},"end":{"line":8,"column":24}}},"fnMap":{"0":{"name":"(anonymous_0)","decl":{"start":{"line":4,"column":4},"end":{"line":4,"column":5}},"loc":{"start":{"line":4,"column":13},"end":{"line":10,"column":5}},"line":4}},"branchMap":{"0":{"loc":{"start":{"line":5,"column":8},"end":{"line":9,"column":9}},"type":"if","locations":[{"start":{"line":5,"column":8},"end":{"line":9,"column":9}},{"start":{"line":5,"column":8},"end":{"line":9,"column":9}}],"line":5}},"s":{"0":4,"1":2,"2":2},"f":{"0":4},"b":{"0":[2,2]},"_coverageSchema":"332fd63041d2c1bcb487cc26dd0d5f7d97098a6c","hash":"80c61b4556e383ae1d42306ad6454aa34a262854"}
}
